#
# There is insufficient memory for the Java Runtime Environment to continue.
# Native memory allocation (malloc) failed to allocate 32744 bytes for Chunk::new
# Possible reasons:
#   The system is out of physical RAM or swap space
#   The process is running with CompressedOops enabled, and the Java Heap may be blocking the growth of the native heap
# Possible solutions:
#   Reduce memory load on the system
#   Increase physical memory or swap space
#   Check if swap backing store is full
#   Decrease Java heap size (-Xmx/-Xms)
#   Decrease number of Java threads
#   Decrease Java thread stack sizes (-Xss)
#   Set larger code cache with -XX:ReservedCodeCacheSize=
#   JVM is running with Unscaled Compressed Oops mode in which the Java heap is
#     placed in the first 4GB address space. The Java Heap base address is the
#     maximum limit for the native heap growth. Please use -XX:HeapBaseMinAddress
#     to set the Java Heap base and to place the Java Heap above 4GB virtual address.
# This output file may be truncated or incomplete.
#
#  Out of Memory Error (arena.cpp:184), pid=6112, tid=3108
#
# JRE version: OpenJDK Runtime Environment (20.0.2+9) (build 20.0.2+9-78)
# Java VM: OpenJDK 64-Bit Server VM (20.0.2+9-78, mixed mode, sharing, tiered, compressed oops, compressed class ptrs, g1 gc, windows-amd64)
# No core dump will be written. Minidumps are not enabled by default on client versions of Windows
#

---------------  S U M M A R Y ------------

Command Line: -agentlib:jdwp=transport=dt_socket,address=127.0.0.1:54164,suspend=y,server=n -ea -DnodeNamesHandler=org.jetbrains.plugins.cucumber.java.run.CucumberTestTreeNodeManager -Didea.test.cyclic.buffer.size=1048576 -javaagent:C:\Users\orihuela\AppData\Local\JetBrains\IdeaIC2023.2\captureAgent\debugger-agent.jar=file:/C:/Users/orihuela/AppData/Local/Temp/capture.props -Dfile.encoding=UTF-8 -Dsun.stdout.encoding=UTF-8 -Dsun.stderr.encoding=UTF-8 com.intellij.rt.junit.JUnitStarter -ideVersion5 -junit4 TestRunner

Host: Intel(R) Xeon(R) Gold 5218 CPU @ 2.30GHz, 4 cores, 7G,  Windows 10 , 64 bit Build 19041 (10.0.19041.2251)
Time: Tue Oct 17 14:14:20 2023 Hora estándar de Argentina elapsed time: 65.183048 seconds (0d 0h 1m 5s)

---------------  T H R E A D  ---------------

Current thread (0x000001cee905a670):  JavaThread "C2 CompilerThread0" daemon [_thread_in_native, id=3108, stack(0x00000067f0f00000,0x00000067f1000000)]


Current CompileTask:
C2:  65183 2715   !   4       jdk.internal.loader.BuiltinClassLoader::loadClassOrNull (143 bytes)

Stack: [0x00000067f0f00000,0x00000067f1000000]
Native frames: (J=compiled Java code, j=interpreted, Vv=VM code, C=native code)
V  [jvm.dll+0x6bc25a]
V  [jvm.dll+0x84971a]
V  [jvm.dll+0x84b315]
V  [jvm.dll+0x84ba13]
V  [jvm.dll+0x280e4f]
V  [jvm.dll+0xc2ab1]
V  [jvm.dll+0xc2dd5]
V  [jvm.dll+0x3c0858]
V  [jvm.dll+0x5c49f8]
V  [jvm.dll+0x5c3a85]
V  [jvm.dll+0x5c432b]
V  [jvm.dll+0x1e711f]
V  [jvm.dll+0x24b67b]
V  [jvm.dll+0x24a921]
V  [jvm.dll+0x1ce761]
V  [jvm.dll+0x25a0eb]
V  [jvm.dll+0x2587c0]
V  [jvm.dll+0x3f2dd5]
V  [jvm.dll+0x7f5c76]
V  [jvm.dll+0x6baecb]
C  [ucrtbase.dll+0x21bb2]
C  [KERNEL32.DLL+0x174b4]
C  [ntdll.dll+0x526a1]


---------------  P R O C E S S  ---------------

Threads class SMR info:
_java_thread_list=0x000001cef0fcd5a0, length=21, elements={
0x000001cecc6eb1e0, 0x000001cee9048c40, 0x000001cee9049be0, 0x000001cee904dbb0,
0x000001cee9051510, 0x000001cee9052790, 0x000001cee9058f20, 0x000001cee905a670,
0x000001cee905e0e0, 0x000001cee9010950, 0x000001ceed595070, 0x000001ceed652cd0,
0x000001ceed655270, 0x000001ceed6d1750, 0x000001ceee5cd440, 0x000001ceee9095a0,
0x000001ceee9075c0, 0x000001ceee908b00, 0x000001cef0dc2010, 0x000001ceee90a040,
0x000001ceee90a590
}

Java Threads: ( => current thread )
  0x000001cecc6eb1e0 JavaThread "Forwarding newSession on session null to remote" [_thread_blocked, id=19864, stack(0x00000067f0200000,0x00000067f0300000)]
  0x000001cee9048c40 JavaThread "Reference Handler" daemon [_thread_blocked, id=18096, stack(0x00000067f0900000,0x00000067f0a00000)]
  0x000001cee9049be0 JavaThread "Finalizer" daemon [_thread_blocked, id=6136, stack(0x00000067f0a00000,0x00000067f0b00000)]
  0x000001cee904dbb0 JavaThread "Signal Dispatcher" daemon [_thread_blocked, id=9392, stack(0x00000067f0b00000,0x00000067f0c00000)]
  0x000001cee9051510 JavaThread "Attach Listener" daemon [_thread_blocked, id=14912, stack(0x00000067f0c00000,0x00000067f0d00000)]
  0x000001cee9052790 JavaThread "Service Thread" daemon [_thread_blocked, id=22376, stack(0x00000067f0d00000,0x00000067f0e00000)]
  0x000001cee9058f20 JavaThread "Monitor Deflation Thread" daemon [_thread_blocked, id=2740, stack(0x00000067f0e00000,0x00000067f0f00000)]
=>0x000001cee905a670 JavaThread "C2 CompilerThread0" daemon [_thread_in_native, id=3108, stack(0x00000067f0f00000,0x00000067f1000000)]
  0x000001cee905e0e0 JavaThread "C1 CompilerThread0" daemon [_thread_blocked, id=18700, stack(0x00000067f1000000,0x00000067f1100000)]
  0x000001cee9010950 JavaThread "Common-Cleaner" daemon [_thread_blocked, id=23284, stack(0x00000067f1100000,0x00000067f1200000)]
  0x000001ceed595070 JavaThread "JDWP Transport Listener: dt_socket" daemon [_thread_blocked, id=21524, stack(0x00000067f1200000,0x00000067f1300000)]
  0x000001ceed652cd0 JavaThread "JDWP Event Helper Thread" daemon [_thread_blocked, id=22336, stack(0x00000067f1300000,0x00000067f1400000)]
  0x000001ceed655270 JavaThread "JDWP Command Reader" daemon [_thread_in_native, id=23580, stack(0x00000067f1400000,0x00000067f1500000)]
  0x000001ceed6d1750 JavaThread "Notification Thread" daemon [_thread_blocked, id=24088, stack(0x00000067f1500000,0x00000067f1600000)]
  0x000001ceee5cd440 JavaThread "AsyncHttpClient-1-1" daemon [_thread_blocked, id=24156, stack(0x00000067f1c00000,0x00000067f1d00000)]
  0x000001ceee9095a0 JavaThread "AsyncHttpClient-1-2" daemon [_thread_in_native, id=24056, stack(0x00000067f2500000,0x00000067f2600000)]
  0x000001ceee9075c0 JavaThread "UrlChecker-3" daemon [_thread_blocked, id=5348, stack(0x00000067f0100000,0x00000067f0200000)]
  0x000001ceee908b00 JavaThread "Keep-Alive-Timer" daemon [_thread_blocked, id=8704, stack(0x00000067f1700000,0x00000067f1800000)]
  0x000001cef0dc2010 JavaThread "C2 CompilerThread1" daemon [_thread_blocked, id=23988, stack(0x00000067f1b00000,0x00000067f1c00000)]
  0x000001ceee90a040 JavaThread "Driver Service Executor" daemon [_thread_blocked, id=23268, stack(0x00000067f2000000,0x00000067f2100000)]
  0x000001ceee90a590 JavaThread "Driver Service Executor" daemon [_thread_blocked, id=24524, stack(0x00000067f2100000,0x00000067f2200000)]

Other Threads:
  0x000001cee90284b0 VMThread "VM Thread" [stack: 0x00000067f0800000,0x00000067f0900000] [id=12612]
  0x000001ceed631710 WatcherThread "VM Periodic Task Thread" [stack: 0x00000067f1600000,0x00000067f1700000] [id=24124]
  0x000001cecaefdf80 WorkerThread "GC Thread#0" [stack: 0x00000067f0300000,0x00000067f0400000] [id=24012]
  0x000001ceedb207d0 WorkerThread "GC Thread#1" [stack: 0x00000067f1800000,0x00000067f1900000] [id=17212]
  0x000001ceedb20aa0 WorkerThread "GC Thread#2" [stack: 0x00000067f1900000,0x00000067f1a00000] [id=19068]
  0x000001ceedbf0090 WorkerThread "GC Thread#3" [stack: 0x00000067f1a00000,0x00000067f1b00000] [id=23852]
  0x000001cecc755fd0 ConcurrentGCThread "G1 Main Marker" [stack: 0x00000067f0400000,0x00000067f0500000] [id=24024]
  0x000001cecc7566b0 WorkerThread "G1 Conc#0" [stack: 0x00000067f0500000,0x00000067f0600000] [id=24296]
  0x000001cee8ed60f0 ConcurrentGCThread "G1 Refine#0" [stack: 0x00000067f0600000,0x00000067f0700000] [id=5820]
  0x000001cee8ed6aa0 ConcurrentGCThread "G1 Service" [stack: 0x00000067f0700000,0x00000067f0800000] [id=22496]

Threads with active compile tasks:
C2 CompilerThread0    65223 2715   !   4       jdk.internal.loader.BuiltinClassLoader::loadClassOrNull (143 bytes)

VM state: not at safepoint (normal execution)

VM Mutex/Monitor currently owned by a thread: None

Heap address: 0x0000000080000000, size: 2048 MB, Compressed Oops mode: 32-bit

CDS archive(s) mapped at: [0x000001ce80000000-0x000001ce80c60000-0x000001ce80c60000), size 12976128, SharedBaseAddress: 0x000001ce80000000, ArchiveRelocationMode: 1.
Compressed class space mapped at: 0x000001ce81000000-0x000001cec1000000, reserved size: 1073741824
Narrow klass base: 0x000001ce80000000, Narrow klass shift: 0, Narrow klass range: 0x100000000

GC Precious Log:
 CardTable entry size: 512
 Card Set container configuration: InlinePtr #cards 5 size 8 Array Of Cards #cards 12 size 40 Howl #buckets 4 coarsen threshold 1843 Howl Bitmap #cards 512 size 80 coarsen threshold 460 Card regions per heap region 1 cards per card region 2048
 CPUs: 4 total, 4 available
 Memory: 8191M
 Large Page Support: Disabled
 NUMA Support: Disabled
 Compressed Oops: Enabled (32-bit)
 Heap Region Size: 1M
 Heap Min Capacity: 8M
 Heap Initial Capacity: 128M
 Heap Max Capacity: 2G
 Pre-touch: Disabled
 Parallel Workers: 4
 Concurrent Workers: 1
 Concurrent Refinement Workers: 4
 Periodic GC: Disabled

Heap:
 garbage-first heap   total 46080K, used 17240K [0x0000000080000000, 0x0000000100000000)
  region size 1024K, 3 young (3072K), 2 survivors (2048K)
 Metaspace       used 25973K, committed 26240K, reserved 1114112K
  class space    used 3145K, committed 3264K, reserved 1048576K

Heap Regions: E=young(eden), S=young(survivor), O=old, HS=humongous(starts), HC=humongous(continues), CS=collection set, F=free, OA=open archive, CA=closed archive, TAMS=top-at-mark-start, PB=parsable bottom
|   0|0x0000000080000000, 0x0000000080100000, 0x0000000080100000|100%| O|  |TAMS 0x0000000080000000| PB 0x0000000080000000| Untracked 
|   1|0x0000000080100000, 0x0000000080200000, 0x0000000080200000|100%| O|  |TAMS 0x0000000080100000| PB 0x0000000080100000| Untracked 
|   2|0x0000000080200000, 0x0000000080300000, 0x0000000080300000|100%| O|  |TAMS 0x0000000080200000| PB 0x0000000080200000| Untracked 
|   3|0x0000000080300000, 0x0000000080400000, 0x0000000080400000|100%| O|  |TAMS 0x0000000080300000| PB 0x0000000080300000| Untracked 
|   4|0x0000000080400000, 0x0000000080409e00, 0x0000000080500000|  3%| O|  |TAMS 0x0000000080400000| PB 0x0000000080400000| Complete 
|   5|0x0000000080500000, 0x0000000080600000, 0x0000000080600000|100%|HS|  |TAMS 0x0000000080500000| PB 0x0000000080500000| Complete 
|   6|0x0000000080600000, 0x0000000080700000, 0x0000000080700000|100%|HC|  |TAMS 0x0000000080600000| PB 0x0000000080600000| Complete 
|   7|0x0000000080700000, 0x0000000080800000, 0x0000000080800000|100%|HC|  |TAMS 0x0000000080700000| PB 0x0000000080700000| Complete 
|   8|0x0000000080800000, 0x0000000080900000, 0x0000000080900000|100%|HC|  |TAMS 0x0000000080800000| PB 0x0000000080800000| Complete 
|   9|0x0000000080900000, 0x0000000080a00000, 0x0000000080a00000|100%|HC|  |TAMS 0x0000000080900000| PB 0x0000000080900000| Complete 
|  10|0x0000000080a00000, 0x0000000080b00000, 0x0000000080b00000|100%| O|  |TAMS 0x0000000080a00000| PB 0x0000000080a00000| Untracked 
|  11|0x0000000080b00000, 0x0000000080c00000, 0x0000000080c00000|100%| O|  |TAMS 0x0000000080b00000| PB 0x0000000080b00000| Untracked 
|  12|0x0000000080c00000, 0x0000000080d00000, 0x0000000080d00000|100%| O|  |TAMS 0x0000000080c00000| PB 0x0000000080c00000| Untracked 
|  13|0x0000000080d00000, 0x0000000080e00000, 0x0000000080e00000|100%| O|  |TAMS 0x0000000080d00000| PB 0x0000000080d00000| Untracked 
|  14|0x0000000080e00000, 0x0000000080f00000, 0x0000000080f00000|100%| O|  |TAMS 0x0000000080e00000| PB 0x0000000080e00000| Untracked 
|  15|0x0000000080f00000, 0x0000000081000000, 0x0000000081000000|100%| O|  |TAMS 0x0000000080f00000| PB 0x0000000080f00000| Untracked 
|  16|0x0000000081000000, 0x0000000081080000, 0x0000000081100000| 50%| S|CS|TAMS 0x0000000081000000| PB 0x0000000081000000| Complete 
|  17|0x0000000081100000, 0x0000000081200000, 0x0000000081200000|100%| S|CS|TAMS 0x0000000081100000| PB 0x0000000081100000| Complete 
|  18|0x0000000081200000, 0x0000000081200000, 0x0000000081300000|  0%| F|  |TAMS 0x0000000081200000| PB 0x0000000081200000| Untracked 
|  19|0x0000000081300000, 0x0000000081300000, 0x0000000081400000|  0%| F|  |TAMS 0x0000000081300000| PB 0x0000000081300000| Untracked 
|  20|0x0000000081400000, 0x0000000081400000, 0x0000000081500000|  0%| F|  |TAMS 0x0000000081400000| PB 0x0000000081400000| Untracked 
|  21|0x0000000081500000, 0x0000000081500000, 0x0000000081600000|  0%| F|  |TAMS 0x0000000081500000| PB 0x0000000081500000| Untracked 
|  22|0x0000000081600000, 0x0000000081600000, 0x0000000081700000|  0%| F|  |TAMS 0x0000000081600000| PB 0x0000000081600000| Untracked 
|  23|0x0000000081700000, 0x0000000081700000, 0x0000000081800000|  0%| F|  |TAMS 0x0000000081700000| PB 0x0000000081700000| Untracked 
|  24|0x0000000081800000, 0x0000000081800000, 0x0000000081900000|  0%| F|  |TAMS 0x0000000081800000| PB 0x0000000081800000| Untracked 
|  25|0x0000000081900000, 0x0000000081900000, 0x0000000081a00000|  0%| F|  |TAMS 0x0000000081900000| PB 0x0000000081900000| Untracked 
|  26|0x0000000081a00000, 0x0000000081a00000, 0x0000000081b00000|  0%| F|  |TAMS 0x0000000081a00000| PB 0x0000000081a00000| Untracked 
|  27|0x0000000081b00000, 0x0000000081b00000, 0x0000000081c00000|  0%| F|  |TAMS 0x0000000081b00000| PB 0x0000000081b00000| Untracked 
|  28|0x0000000081c00000, 0x0000000081c00000, 0x0000000081d00000|  0%| F|  |TAMS 0x0000000081c00000| PB 0x0000000081c00000| Untracked 
|  29|0x0000000081d00000, 0x0000000081d00000, 0x0000000081e00000|  0%| F|  |TAMS 0x0000000081d00000| PB 0x0000000081d00000| Untracked 
|  30|0x0000000081e00000, 0x0000000081e00000, 0x0000000081f00000|  0%| F|  |TAMS 0x0000000081e00000| PB 0x0000000081e00000| Untracked 
|  31|0x0000000081f00000, 0x0000000081f00000, 0x0000000082000000|  0%| F|  |TAMS 0x0000000081f00000| PB 0x0000000081f00000| Untracked 
|  32|0x0000000082000000, 0x0000000082000000, 0x0000000082100000|  0%| F|  |TAMS 0x0000000082000000| PB 0x0000000082000000| Untracked 
|  33|0x0000000082100000, 0x0000000082100000, 0x0000000082200000|  0%| F|  |TAMS 0x0000000082100000| PB 0x0000000082100000| Untracked 
|  34|0x0000000082200000, 0x0000000082200000, 0x0000000082300000|  0%| F|  |TAMS 0x0000000082200000| PB 0x0000000082200000| Untracked 
|  35|0x0000000082300000, 0x0000000082300000, 0x0000000082400000|  0%| F|  |TAMS 0x0000000082300000| PB 0x0000000082300000| Untracked 
|  64|0x0000000084000000, 0x0000000084000000, 0x0000000084100000|  0%| F|  |TAMS 0x0000000084000000| PB 0x0000000084000000| Untracked 
|  65|0x0000000084100000, 0x0000000084100000, 0x0000000084200000|  0%| F|  |TAMS 0x0000000084100000| PB 0x0000000084100000| Untracked 
|  66|0x0000000084200000, 0x0000000084200000, 0x0000000084300000|  0%| F|  |TAMS 0x0000000084200000| PB 0x0000000084200000| Untracked 
|  67|0x0000000084300000, 0x0000000084300000, 0x0000000084400000|  0%| F|  |TAMS 0x0000000084300000| PB 0x0000000084300000| Untracked 
|  68|0x0000000084400000, 0x0000000084400000, 0x0000000084500000|  0%| F|  |TAMS 0x0000000084400000| PB 0x0000000084400000| Untracked 
|  69|0x0000000084500000, 0x0000000084500000, 0x0000000084600000|  0%| F|  |TAMS 0x0000000084500000| PB 0x0000000084500000| Untracked 
|  70|0x0000000084600000, 0x0000000084600000, 0x0000000084700000|  0%| F|  |TAMS 0x0000000084600000| PB 0x0000000084600000| Untracked 
| 127|0x0000000087f00000, 0x0000000087fd8fb0, 0x0000000088000000| 84%| E|  |TAMS 0x0000000087f00000| PB 0x0000000087f00000| Complete 
|2047|0x00000000fff00000, 0x00000000fff4c200, 0x0000000100000000| 29%| O|  |TAMS 0x00000000fff00000| PB 0x00000000fff00000| Untracked 

Card table byte_map: [0x000001cee4210000,0x000001cee4610000] _byte_map_base: 0x000001cee3e10000

Marking Bits: (CMBitMap*) 0x000001cecaefe4c0
 Bits: [0x000001cee4a10000, 0x000001cee6a10000)

Polling page: 0x000001cecad90000

Metaspace:

Usage:
  Non-class:     22.29 MB used.
      Class:      3.07 MB used.
       Both:     25.36 MB used.

Virtual space:
  Non-class space:       64.00 MB reserved,      22.44 MB ( 35%) committed,  1 nodes.
      Class space:        1.00 GB reserved,       3.19 MB ( <1%) committed,  1 nodes.
             Both:        1.06 GB reserved,      25.62 MB (  2%) committed. 

Chunk freelists:
   Non-Class:  1.00 MB
       Class:  677.00 KB
        Both:  1.66 MB

MaxMetaspaceSize: unlimited
CompressedClassSpaceSize: 1.00 GB
Initial GC threshold: 21.00 MB
Current GC threshold: 35.12 MB
CDS: on
MetaspaceReclaimPolicy: balanced
 - commit_granule_bytes: 65536.
 - commit_granule_words: 8192.
 - virtual_space_node_default_size: 8388608.
 - enlarge_chunks_in_place: 1.
 - new_chunks_are_fully_committed: 0.
 - uncommit_free_chunks: 1.
 - use_allocation_guard: 0.


Internal statistics:

num_allocs_failed_limit: 3.
num_arena_births: 240.
num_arena_deaths: 0.
num_vsnodes_births: 2.
num_vsnodes_deaths: 0.
num_space_committed: 410.
num_space_uncommitted: 0.
num_chunks_returned_to_freelist: 3.
num_chunks_taken_from_freelist: 923.
num_chunk_merges: 3.
num_chunk_splits: 657.
num_chunks_enlarged: 544.
num_inconsistent_stats: 0.

CodeHeap 'non-profiled nmethods': size=120000Kb used=1155Kb max_used=1155Kb free=118844Kb
 bounds [0x000001cedc2c0000, 0x000001cedc530000, 0x000001cee37f0000]
CodeHeap 'profiled nmethods': size=120000Kb used=5453Kb max_used=5453Kb free=114546Kb
 bounds [0x000001ced47f0000, 0x000001ced4d50000, 0x000001cedbd20000]
CodeHeap 'non-nmethods': size=5760Kb used=1794Kb max_used=1846Kb free=3965Kb
 bounds [0x000001cedbd20000, 0x000001cedbf90000, 0x000001cedc2c0000]
 total_blobs=3391 nmethods=2798 adapters=503
 compilation: enabled
              stopped_count=0, restarted_count=0
 full_count=0

Compilation events (20 events):
Event: 65.029 Thread 0x000001cef0dc2010 2736       4       java.lang.StringBuilder::toString (9 bytes)
Event: 65.036 Thread 0x000001cef0dc2010 nmethod 2736 0x000001cedc3dd810 code [0x000001cedc3dd9a0, 0x000001cedc3de258]
Event: 65.036 Thread 0x000001cef0dc2010 2754       4       com.intellij.rt.execution.junit.MapSerializerUtil$1::escape (124 bytes)
Event: 65.037 Thread 0x000001cef0dc2010 nmethod 2754 0x000001cedc3de590 code [0x000001cedc3de700, 0x000001cedc3de8a8]
Event: 65.037 Thread 0x000001cef0dc2010 2779       4       java.util.Arrays::fill (21 bytes)
Event: 65.038 Thread 0x000001cef0dc2010 nmethod 2779 0x000001cedc3de910 code [0x000001cedc3dea80, 0x000001cedc3deb48]
Event: 65.038 Thread 0x000001cef0dc2010 2776       4       java.util.regex.Pattern$Start::match (90 bytes)
Event: 65.039 Thread 0x000001cef0dc2010 nmethod 2776 0x000001cedc3dec10 code [0x000001cedc3ded80, 0x000001cedc3def58]
Event: 65.039 Thread 0x000001cef0dc2010 2753       4       java.util.regex.Pattern$SliceI::match (96 bytes)
Event: 65.044 Thread 0x000001cef0dc2010 nmethod 2753 0x000001cedc3df090 code [0x000001cedc3df220, 0x000001cedc3df688]
Event: 65.060 Thread 0x000001cee905e0e0 2794       1       com.google.common.collect.ImmutableEntry::getValue (5 bytes)
Event: 65.060 Thread 0x000001cee905e0e0 nmethod 2794 0x000001cedc3dfa10 code [0x000001cedc3dfb80, 0x000001cedc3dfc48]
Event: 65.060 Thread 0x000001cee905e0e0 2795       3       sun.net.util.IPAddressUtil::match (50 bytes)
Event: 65.060 Thread 0x000001cee905e0e0 nmethod 2795 0x000001ced4d41c10 code [0x000001ced4d41da0, 0x000001ced4d42040]
Event: 65.060 Thread 0x000001cee905e0e0 2796       3       java.util.stream.Sink::begin (1 bytes)
Event: 65.060 Thread 0x000001cee905e0e0 nmethod 2796 0x000001ced4d42110 code [0x000001ced4d422a0, 0x000001ced4d423b0]
Event: 65.089 Thread 0x000001cee905e0e0 2797       3       java.lang.ProcessEnvironment$EntryComparator::compare (13 bytes)
Event: 65.089 Thread 0x000001cee905e0e0 nmethod 2797 0x000001ced4d42410 code [0x000001ced4d42600, 0x000001ced4d42d68]
Event: 65.089 Thread 0x000001cee905e0e0 2798       3       java.lang.ProcessEnvironment$EntryComparator::compare (25 bytes)
Event: 65.090 Thread 0x000001cee905e0e0 nmethod 2798 0x000001ced4d42f10 code [0x000001ced4d430e0, 0x000001ced4d435b0]

GC Heap History (8 events):
Event: 0.622 GC heap before
{Heap before GC invocations=0 (full 0):
 garbage-first heap   total 131072K, used 12288K [0x0000000080000000, 0x0000000100000000)
  region size 1024K, 13 young (13312K), 0 survivors (0K)
 Metaspace       used 2152K, committed 2304K, reserved 1114112K
  class space    used 246K, committed 320K, reserved 1048576K
}
Event: 0.627 GC heap after
{Heap after GC invocations=1 (full 0):
 garbage-first heap   total 131072K, used 4057K [0x0000000080000000, 0x0000000100000000)
  region size 1024K, 2 young (2048K), 2 survivors (2048K)
 Metaspace       used 2152K, committed 2304K, reserved 1114112K
  class space    used 246K, committed 320K, reserved 1048576K
}
Event: 1.071 GC heap before
{Heap before GC invocations=1 (full 0):
 garbage-first heap   total 131072K, used 18393K [0x0000000080000000, 0x0000000100000000)
  region size 1024K, 17 young (17408K), 2 survivors (2048K)
 Metaspace       used 5896K, committed 6080K, reserved 1114112K
  class space    used 638K, committed 768K, reserved 1048576K
}
Event: 1.075 GC heap after
{Heap after GC invocations=2 (full 0):
 garbage-first heap   total 131072K, used 6016K [0x0000000080000000, 0x0000000100000000)
  region size 1024K, 2 young (2048K), 2 survivors (2048K)
 Metaspace       used 5896K, committed 6080K, reserved 1114112K
  class space    used 638K, committed 768K, reserved 1048576K
}
Event: 2.605 GC heap before
{Heap before GC invocations=2 (full 0):
 garbage-first heap   total 131072K, used 60288K [0x0000000080000000, 0x0000000100000000)
  region size 1024K, 57 young (58368K), 2 survivors (2048K)
 Metaspace       used 21252K, committed 21504K, reserved 1114112K
  class space    used 2480K, committed 2624K, reserved 1048576K
}
Event: 2.615 GC heap after
{Heap after GC invocations=3 (full 0):
 garbage-first heap   total 131072K, used 11108K [0x0000000080000000, 0x0000000100000000)
  region size 1024K, 7 young (7168K), 7 survivors (7168K)
 Metaspace       used 21252K, committed 21504K, reserved 1114112K
  class space    used 2480K, committed 2624K, reserved 1048576K
}
Event: 65.074 GC heap before
{Heap before GC invocations=4 (full 0):
 garbage-first heap   total 45056K, used 35684K [0x0000000080000000, 0x0000000100000000)
  region size 1024K, 26 young (26624K), 7 survivors (7168K)
 Metaspace       used 25970K, committed 26240K, reserved 1114112K
  class space    used 3145K, committed 3264K, reserved 1048576K
}
Event: 65.088 GC heap after
{Heap after GC invocations=5 (full 0):
 garbage-first heap   total 46080K, used 17240K [0x0000000080000000, 0x0000000100000000)
  region size 1024K, 2 young (2048K), 2 survivors (2048K)
 Metaspace       used 25970K, committed 26240K, reserved 1114112K
  class space    used 3145K, committed 3264K, reserved 1048576K
}

Dll operation events (13 events):
Event: 0.041 Loaded shared library C:\Users\orihuela\.jdks\openjdk-20.0.2\bin\java.dll
Event: 0.044 Loaded shared library C:\Users\orihuela\.jdks\openjdk-20.0.2\bin\zip.dll
Event: 0.071 Loaded shared library C:\Users\orihuela\.jdks\openjdk-20.0.2\bin\jsvml.dll
Event: 0.253 Loaded shared library C:\Users\orihuela\.jdks\openjdk-20.0.2\bin\instrument.dll
Event: 0.283 Loaded shared library C:\Users\orihuela\.jdks\openjdk-20.0.2\bin\net.dll
Event: 0.286 Loaded shared library C:\Users\orihuela\.jdks\openjdk-20.0.2\bin\nio.dll
Event: 0.297 Loaded shared library C:\Users\orihuela\.jdks\openjdk-20.0.2\bin\zip.dll
Event: 0.374 Loaded shared library C:\Users\orihuela\.jdks\openjdk-20.0.2\bin\verify.dll
Event: 0.542 Loaded shared library C:\Users\orihuela\.jdks\openjdk-20.0.2\bin\jimage.dll
Event: 1.759 Loaded shared library C:\Users\orihuela\.jdks\openjdk-20.0.2\bin\extnet.dll
Event: 2.048 Loaded shared library C:\Users\orihuela\.jdks\openjdk-20.0.2\bin\management.dll
Event: 2.055 Loaded shared library C:\Users\orihuela\.jdks\openjdk-20.0.2\bin\management_ext.dll
Event: 2.137 Loaded shared library C:\Users\orihuela\.jdks\openjdk-20.0.2\bin\sunmscapi.dll

Deoptimization events (20 events):
Event: 64.970 Thread 0x000001cecc6eb1e0 DEOPT PACKING pc=0x000001ced49524c4 sp=0x00000067f02fd7d0
Event: 64.970 Thread 0x000001cecc6eb1e0 DEOPT UNPACKING pc=0x000001cedbd8e462 sp=0x00000067f02fcc88 mode 1
Event: 64.970 Thread 0x000001cecc6eb1e0 DEOPT PACKING pc=0x000001ced4952ad1 sp=0x00000067f02fd740
Event: 64.970 Thread 0x000001cecc6eb1e0 DEOPT UNPACKING pc=0x000001cedbd8e462 sp=0x00000067f02fcb98 mode 1
Event: 64.970 Thread 0x000001cecc6eb1e0 DEOPT PACKING pc=0x000001ced49524c4 sp=0x00000067f02fd7d0
Event: 64.970 Thread 0x000001cecc6eb1e0 DEOPT UNPACKING pc=0x000001cedbd8e462 sp=0x00000067f02fcc88 mode 1
Event: 64.997 Thread 0x000001cecc6eb1e0 DEOPT PACKING pc=0x000001ced4952ad1 sp=0x00000067f02fd740
Event: 64.997 Thread 0x000001cecc6eb1e0 DEOPT UNPACKING pc=0x000001cedbd8e462 sp=0x00000067f02fcb98 mode 1
Event: 64.997 Thread 0x000001cecc6eb1e0 DEOPT PACKING pc=0x000001ced49524c4 sp=0x00000067f02fd7d0
Event: 64.997 Thread 0x000001cecc6eb1e0 DEOPT UNPACKING pc=0x000001cedbd8e462 sp=0x00000067f02fcc88 mode 1
Event: 64.997 Thread 0x000001cecc6eb1e0 DEOPT PACKING pc=0x000001ced4952ad1 sp=0x00000067f02fd740
Event: 64.997 Thread 0x000001cecc6eb1e0 DEOPT UNPACKING pc=0x000001cedbd8e462 sp=0x00000067f02fcb98 mode 1
Event: 64.997 Thread 0x000001cecc6eb1e0 DEOPT PACKING pc=0x000001ced49524c4 sp=0x00000067f02fd7d0
Event: 64.997 Thread 0x000001cecc6eb1e0 DEOPT UNPACKING pc=0x000001cedbd8e462 sp=0x00000067f02fcc88 mode 1
Event: 65.008 Thread 0x000001cecc6eb1e0 Uncommon trap: trap_request=0xffffff45 fr.pc=0x000001cedc33e680 relative=0x0000000000000100
Event: 65.008 Thread 0x000001cecc6eb1e0 Uncommon trap: reason=unstable_if action=reinterpret pc=0x000001cedc33e680 method=com.intellij.rt.execution.junit.MapSerializerUtil$1.escape(C)C @ 1 c2
Event: 65.008 Thread 0x000001cecc6eb1e0 DEOPT PACKING pc=0x000001cedc33e680 sp=0x00000067f02fd540
Event: 65.008 Thread 0x000001cecc6eb1e0 DEOPT UNPACKING pc=0x000001cedbd3d2a2 sp=0x00000067f02fd4e0 mode 2
Event: 65.018 Thread 0x000001cecc6eb1e0 DEOPT PACKING pc=0x000001ced49a314a sp=0x00000067f02fd840
Event: 65.018 Thread 0x000001cecc6eb1e0 DEOPT UNPACKING pc=0x000001cedbd8e462 sp=0x00000067f02fccc8 mode 0

Classes loaded (20 events):
Event: 65.001 Loading class org/junit/runner/notification/Failure
Event: 65.001 Loading class org/junit/runner/notification/Failure done
Event: 65.001 Loading class java/util/concurrent/ConcurrentLinkedDeque$Itr
Event: 65.001 Loading class java/util/concurrent/ConcurrentLinkedDeque$AbstractItr
Event: 65.002 Loading class java/util/concurrent/ConcurrentLinkedDeque$AbstractItr done
Event: 65.002 Loading class java/util/concurrent/ConcurrentLinkedDeque$Itr done
Event: 65.002 Loading class org/junit/runner/notification/RunNotifier$6
Event: 65.002 Loading class org/junit/runner/notification/RunNotifier$6 done
Event: 65.003 Loading class org/junit/internal/Throwables
Event: 65.003 Loading class org/junit/internal/Throwables done
Event: 65.004 Loading class com/intellij/junit4/ExpectedPatterns
Event: 65.004 Loading class com/intellij/junit4/ExpectedPatterns done
Event: 65.005 Loading class com/intellij/rt/execution/testFrameworks/AbstractExpectedPatterns
Event: 65.005 Loading class com/intellij/rt/execution/testFrameworks/AbstractExpectedPatterns done
Event: 65.006 Loading class com/intellij/rt/execution/junit/ComparisonFailureData
Event: 65.006 Loading class com/intellij/rt/execution/junit/ComparisonFailureData done
Event: 65.007 Loading class org/junit/ComparisonFailure
Event: 65.007 Loading class org/junit/ComparisonFailure done
Event: 65.010 Loading class org/junit/runner/notification/RunNotifier$9
Event: 65.010 Loading class org/junit/runner/notification/RunNotifier$9 done

Classes unloaded (0 events):
No events

Classes redefined (0 events):
No events

Internal exceptions (20 events):
Event: 2.667 Thread 0x000001ceee83d800 Exception <a 'java/lang/NoSuchMethodError'{0x0000000087f8b718}: 'java.lang.Object java.lang.invoke.DirectMethodHandle$Holder.newInvokeSpecial(java.lang.Object, long)'> (0x0000000087f8b718) 
thrown [s\open\src\hotspot\share\interpreter\linkResolver.cpp, line 773]
Event: 2.669 Thread 0x000001ceee83d800 Exception <a 'java/lang/NoSuchMethodError'{0x0000000087f95680}: 'java.lang.Object java.lang.invoke.DirectMethodHandle$Holder.invokeStatic(java.lang.Object, long, java.lang.Object)'> (0x0000000087f95680) 
thrown [s\open\src\hotspot\share\interpreter\linkResolver.cpp, line 773]
Event: 2.669 Thread 0x000001ceee83d800 Exception <a 'java/lang/NoSuchMethodError'{0x0000000087f98b58}: 'java.lang.Object java.lang.invoke.DirectMethodHandle$Holder.invokeStaticInit(java.lang.Object, long, java.lang.Object)'> (0x0000000087f98b58) 
thrown [s\open\src\hotspot\share\interpreter\linkResolver.cpp, line 773]
Event: 2.761 Thread 0x000001ceee908b00 Exception <a 'java/net/ConnectException'{0x0000000082228790}: Connection refused: no further information> (0x0000000082228790) 
thrown [s\open\src\hotspot\share\prims\jni.cpp, line 538]
Event: 2.773 Thread 0x000001ceee908b00 Exception <a 'java/net/ConnectException'{0x000000008222a210}: Connection refused: no further information> (0x000000008222a210) 
thrown [s\open\src\hotspot\share\prims\jni.cpp, line 538]
Event: 2.813 Thread 0x000001ceee908b00 Exception <a 'java/net/ConnectException'{0x000000008222b1a8}: Connection refused: no further information> (0x000000008222b1a8) 
thrown [s\open\src\hotspot\share\prims\jni.cpp, line 538]
Event: 2.945 Thread 0x000001cecc6eb1e0 Exception <a 'java/lang/NoSuchMethodError'{0x00000000822a76b8}: 'double java.lang.invoke.DirectMethodHandle$Holder.invokeVirtual(java.lang.Object, java.lang.Object)'> (0x00000000822a76b8) 
thrown [s\open\src\hotspot\share\interpreter\linkResolver.cpp, line 773]
Event: 2.946 Thread 0x000001cecc6eb1e0 Exception <a 'java/lang/NoSuchMethodError'{0x00000000822add50}: 'float java.lang.invoke.DirectMethodHandle$Holder.invokeVirtual(java.lang.Object, java.lang.Object)'> (0x00000000822add50) 
thrown [s\open\src\hotspot\share\interpreter\linkResolver.cpp, line 773]
Event: 2.947 Thread 0x000001cecc6eb1e0 Exception <a 'java/lang/NoSuchMethodError'{0x00000000822b6da8}: 'long java.lang.invoke.DirectMethodHandle$Holder.invokeVirtual(java.lang.Object, java.lang.Object)'> (0x00000000822b6da8) 
thrown [s\open\src\hotspot\share\interpreter\linkResolver.cpp, line 773]
Event: 2.959 Thread 0x000001cecc6eb1e0 Exception <a 'java/lang/NoSuchMethodError'{0x00000000822e9b40}: 'java.lang.Object java.lang.invoke.DirectMethodHandle$Holder.invokeVirtual(java.lang.Object, java.lang.Object, java.lang.Object)'> (0x00000000822e9b40) 
thrown [s\open\src\hotspot\share\interpreter\linkResolver.cpp, line 773]
Event: 3.000 Thread 0x000001cecc6eb1e0 Exception <a 'java/lang/NoSuchMethodError'{0x000000008200e590}: 'void java.lang.invoke.DirectMethodHandle$Holder.invokeStatic(java.lang.Object, java.lang.Object, int)'> (0x000000008200e590) 
thrown [s\open\src\hotspot\share\interpreter\linkResolver.cpp, line 773]
Event: 3.058 Thread 0x000001cecc6eb1e0 Exception <a 'java/lang/NoSuchMethodError'{0x0000000081eac688}: 'int java.lang.invoke.DirectMethodHandle$Holder.invokeSpecialIFC(java.lang.Object, java.lang.Object, java.lang.Object)'> (0x0000000081eac688) 
thrown [s\open\src\hotspot\share\interpreter\linkResolver.cpp, line 773]
Event: 3.130 Thread 0x000001cecc6eb1e0 Exception <a 'java/lang/NoSuchMethodError'{0x0000000081b8a7e8}: 'void java.lang.invoke.DirectMethodHandle$Holder.invokeSpecial(java.lang.Object, java.lang.Object, java.lang.Object, java.lang.Object, java.lang.Object, java.lang.Object)'> (0x0000000081b8a7e8) 
thrown [s\open\src\hotspot\share\interpreter\linkResolver.cpp, line 773]
Event: 3.144 Thread 0x000001cecc6eb1e0 Exception <a 'java/lang/NoSuchMethodError'{0x0000000081a2e8a8}: 'long java.lang.invoke.DirectMethodHandle$Holder.invokeInterface(java.lang.Object, java.lang.Object)'> (0x0000000081a2e8a8) 
thrown [s\open\src\hotspot\share\interpreter\linkResolver.cpp, line 773]
Event: 3.145 Thread 0x000001cecc6eb1e0 Exception <a 'java/lang/NoSuchMethodError'{0x0000000081a33900}: 'long java.lang.invoke.DelegatingMethodHandle$Holder.reinvoke_L(java.lang.Object, java.lang.Object)'> (0x0000000081a33900) 
thrown [s\open\src\hotspot\share\interpreter\linkResolver.cpp, line 773]
Event: 64.871 Thread 0x000001cecc6eb1e0 Exception <a 'java/lang/ClassNotFoundException'{0x00000000813559d8}: sun/misc/SharedSecrets> (0x00000000813559d8) 
thrown [s\open\src\hotspot\share\classfile\systemDictionary.cpp, line 305]
Event: 64.895 Thread 0x000001ceee9075c0 Exception <a 'java/net/ConnectException'{0x000000008138c228}: Connection refused: no further information> (0x000000008138c228) 
thrown [s\open\src\hotspot\share\prims\jni.cpp, line 538]
Event: 64.996 Thread 0x000001cecc6eb1e0 Exception <a 'java/lang/NullPointerException'{0x0000000081222178}> (0x0000000081222178) 
thrown [s\open\src\hotspot\share\interpreter\linkResolver.cpp, line 1457]
Event: 65.133 Thread 0x000001ceee9075c0 Exception <a 'java/net/ConnectException'{0x0000000087fbf070}: Connection refused: no further information> (0x0000000087fbf070) 
thrown [s\open\src\hotspot\share\prims\jni.cpp, line 538]
Event: 65.156 Thread 0x000001ceee9075c0 Exception <a 'java/net/ConnectException'{0x0000000087fc00b8}: Connection refused: no further information> (0x0000000087fc00b8) 
thrown [s\open\src\hotspot\share\prims\jni.cpp, line 538]

VM Operations (20 events):
Event: 2.210 Executing VM operation: ICBufferFull
Event: 2.210 Executing VM operation: ICBufferFull done
Event: 2.359 Executing VM operation: HandshakeAllThreads
Event: 2.359 Executing VM operation: HandshakeAllThreads done
Event: 2.605 Executing VM operation: CollectForMetadataAllocation
Event: 2.617 Executing VM operation: CollectForMetadataAllocation done
Event: 2.623 Executing VM operation: G1PauseRemark
Event: 2.626 Executing VM operation: G1PauseRemark done
Event: 2.627 Executing VM operation: G1PauseCleanup
Event: 2.631 Executing VM operation: G1PauseCleanup done
Event: 2.877 Executing VM operation: HandshakeAllThreads
Event: 2.899 Executing VM operation: HandshakeAllThreads done
Event: 3.908 Executing VM operation: Cleanup
Event: 3.908 Executing VM operation: Cleanup done
Event: 60.056 Executing VM operation: HandshakeAllThreads
Event: 60.056 Executing VM operation: HandshakeAllThreads done
Event: 63.088 Executing VM operation: Cleanup
Event: 63.088 Executing VM operation: Cleanup done
Event: 65.074 Executing VM operation: G1CollectForAllocation
Event: 65.088 Executing VM operation: G1CollectForAllocation done

Events (20 events):
Event: 2.752 Thread 0x000001ceee908b00 Thread added: 0x000001ceee908b00
Event: 2.877 Thread 0x000001ceee90a040 Thread added: 0x000001ceee90a040
Event: 3.195 Thread 0x000001ceee9095a0 Thread added: 0x000001ceee9095a0
Event: 5.991 Thread 0x000001ceed5d5e70 Thread exited: 0x000001ceed5d5e70
Event: 7.904 Thread 0x000001ceee90a040 Thread exited: 0x000001ceee90a040
Event: 61.954 Thread 0x000001ceee5d5aa0 Thread exited: 0x000001ceee5d5aa0
Event: 62.904 Thread 0x000001ceee908b00 Thread exited: 0x000001ceee908b00
Event: 64.872 Thread 0x000001ceee9075c0 Thread added: 0x000001ceee9075c0
Event: 64.877 Thread 0x000001ceee908b00 Thread added: 0x000001ceee908b00
Event: 64.945 Thread 0x000001ceee6e9050 Thread exited: 0x000001ceee6e9050
Event: 64.946 Thread 0x000001ceee6e95a0 Thread exited: 0x000001ceee6e95a0
Event: 64.949 Thread 0x000001ceee83d800 Thread exited: 0x000001ceee83d800
Event: 64.957 Thread 0x000001ceeebadbe0 Thread exited: 0x000001ceeebadbe0
Event: 64.957 Thread 0x000001ceeebad690 Thread exited: 0x000001ceeebad690
Event: 65.019 Thread 0x000001cef0dc2010 Thread added: 0x000001cef0dc2010
Event: 65.061 Thread 0x000001ceee909af0 Thread added: 0x000001ceee909af0
Event: 65.117 Thread 0x000001ceee907070 Thread added: 0x000001ceee907070
Event: 65.117 Thread 0x000001ceee909050 Thread added: 0x000001ceee909050
Event: 65.127 Thread 0x000001ceee90a040 Thread added: 0x000001ceee90a040
Event: 65.127 Thread 0x000001ceee90a590 Thread added: 0x000001ceee90a590


Dynamic libraries:
0x00007ff724990000 - 0x00007ff72499e000 	C:\Users\orihuela\.jdks\openjdk-20.0.2\bin\java.exe
0x00007ffa6ec50000 - 0x00007ffa6ee48000 	C:\WINDOWS\SYSTEM32\ntdll.dll
0x00007ffa6ea50000 - 0x00007ffa6eb0f000 	C:\WINDOWS\System32\KERNEL32.DLL
0x00007ffa6c4e0000 - 0x00007ffa6c7b2000 	C:\WINDOWS\System32\KERNELBASE.dll
0x00007ffa6c7c0000 - 0x00007ffa6c8c0000 	C:\WINDOWS\System32\ucrtbase.dll
0x00007ffa43180000 - 0x00007ffa4319b000 	C:\Users\orihuela\.jdks\openjdk-20.0.2\bin\VCRUNTIME140.dll
0x00007ffa425e0000 - 0x00007ffa425f7000 	C:\Users\orihuela\.jdks\openjdk-20.0.2\bin\jli.dll
0x00007ffa6d620000 - 0x00007ffa6d7bd000 	C:\WINDOWS\System32\USER32.dll
0x00007ffa6cb60000 - 0x00007ffa6cb82000 	C:\WINDOWS\System32\win32u.dll
0x00007ffa63780000 - 0x00007ffa63a1a000 	C:\WINDOWS\WinSxS\amd64_microsoft.windows.common-controls_6595b64144ccf1df_6.0.19041.1110_none_60b5254171f9507e\COMCTL32.dll
0x00007ffa6ce50000 - 0x00007ffa6ce7b000 	C:\WINDOWS\System32\GDI32.dll
0x00007ffa6da80000 - 0x00007ffa6db1e000 	C:\WINDOWS\System32\msvcrt.dll
0x00007ffa6cb90000 - 0x00007ffa6cc9f000 	C:\WINDOWS\System32\gdi32full.dll
0x00007ffa6c3f0000 - 0x00007ffa6c48d000 	C:\WINDOWS\System32\msvcp_win.dll
0x00007ffa6e420000 - 0x00007ffa6e452000 	C:\WINDOWS\System32\IMM32.DLL
0x000001cecadb0000 - 0x000001cecadc4000 	C:\WINDOWS\System32\umppc17506.dll
0x00007ffa4f230000 - 0x00007ffa4f23c000 	C:\Users\orihuela\.jdks\openjdk-20.0.2\bin\vcruntime140_1.dll
0x00007ffa32b20000 - 0x00007ffa32bae000 	C:\Users\orihuela\.jdks\openjdk-20.0.2\bin\msvcp140.dll
0x00007ffa31e80000 - 0x00007ffa32b18000 	C:\Users\orihuela\.jdks\openjdk-20.0.2\bin\server\jvm.dll
0x00007ffa6d500000 - 0x00007ffa6d5ae000 	C:\WINDOWS\System32\ADVAPI32.dll
0x00007ffa6eb10000 - 0x00007ffa6ebac000 	C:\WINDOWS\System32\sechost.dll
0x00007ffa6d7c0000 - 0x00007ffa6d8e5000 	C:\WINDOWS\System32\RPCRT4.dll
0x00007ffa629e0000 - 0x00007ffa629e9000 	C:\WINDOWS\SYSTEM32\WSOCK32.dll
0x00007ffa6d5b0000 - 0x00007ffa6d61b000 	C:\WINDOWS\System32\WS2_32.dll
0x00007ffa62050000 - 0x00007ffa62077000 	C:\WINDOWS\SYSTEM32\WINMM.dll
0x00007ffa620f0000 - 0x00007ffa620fa000 	C:\WINDOWS\SYSTEM32\VERSION.dll
0x00007ffa6a0f0000 - 0x00007ffa6a102000 	C:\WINDOWS\SYSTEM32\kernel.appcore.dll
0x00007ffa4ec40000 - 0x00007ffa4ec4a000 	C:\Users\orihuela\.jdks\openjdk-20.0.2\bin\jimage.dll
0x00007ffa60ed0000 - 0x00007ffa610b4000 	C:\WINDOWS\SYSTEM32\DBGHELP.DLL
0x00007ffa5fa40000 - 0x00007ffa5fa6c000 	C:\WINDOWS\SYSTEM32\dbgcore.DLL
0x00007ffa6c8c0000 - 0x00007ffa6c942000 	C:\WINDOWS\System32\bcryptPrimitives.dll
0x00007ffa5be50000 - 0x00007ffa5be8c000 	C:\Users\orihuela\.jdks\openjdk-20.0.2\bin\jdwp.dll
0x00007ffa5e330000 - 0x00007ffa5e33e000 	C:\Users\orihuela\.jdks\openjdk-20.0.2\bin\instrument.dll
0x00007ffa390d0000 - 0x00007ffa390f6000 	C:\Users\orihuela\.jdks\openjdk-20.0.2\bin\java.dll
0x00007ffa39540000 - 0x00007ffa39558000 	C:\Users\orihuela\.jdks\openjdk-20.0.2\bin\zip.dll
0x00007ffa397d0000 - 0x00007ffa398a7000 	C:\Users\orihuela\.jdks\openjdk-20.0.2\bin\jsvml.dll
0x00007ffa6db20000 - 0x00007ffa6e263000 	C:\WINDOWS\System32\SHELL32.dll
0x00007ffa6a3f0000 - 0x00007ffa6ab82000 	C:\WINDOWS\SYSTEM32\windows.storage.dll
0x00007ffa6e6f0000 - 0x00007ffa6ea44000 	C:\WINDOWS\System32\combase.dll
0x00007ffa6bcd0000 - 0x00007ffa6bd00000 	C:\WINDOWS\SYSTEM32\Wldp.dll
0x00007ffa6e640000 - 0x00007ffa6e6ed000 	C:\WINDOWS\System32\SHCORE.dll
0x00007ffa6e460000 - 0x00007ffa6e4b5000 	C:\WINDOWS\System32\shlwapi.dll
0x00007ffa6c290000 - 0x00007ffa6c2af000 	C:\WINDOWS\SYSTEM32\profapi.dll
0x00007ffa5e320000 - 0x00007ffa5e32c000 	C:\Users\orihuela\.jdks\openjdk-20.0.2\bin\dt_socket.dll
0x00007ffa6b720000 - 0x00007ffa6b75b000 	C:\WINDOWS\SYSTEM32\IPHLPAPI.DLL
0x00007ffa6ba30000 - 0x00007ffa6ba9a000 	C:\WINDOWS\system32\mswsock.dll
0x00007ffa39580000 - 0x00007ffa39593000 	C:\Users\orihuela\.jdks\openjdk-20.0.2\bin\net.dll
0x00007ffa65cf0000 - 0x00007ffa65dfc000 	C:\WINDOWS\SYSTEM32\WINHTTP.dll
0x00007ffa39560000 - 0x00007ffa39576000 	C:\Users\orihuela\.jdks\openjdk-20.0.2\bin\nio.dll
0x00007ffa44bd0000 - 0x00007ffa44be0000 	C:\Users\orihuela\.jdks\openjdk-20.0.2\bin\verify.dll
0x00007ffa6bc20000 - 0x00007ffa6bc38000 	C:\WINDOWS\SYSTEM32\CRYPTSP.dll
0x00007ffa6b350000 - 0x00007ffa6b384000 	C:\WINDOWS\system32\rsaenh.dll
0x00007ffa6c3c0000 - 0x00007ffa6c3e7000 	C:\WINDOWS\System32\bcrypt.dll
0x00007ffa6c1c0000 - 0x00007ffa6c1ee000 	C:\WINDOWS\SYSTEM32\USERENV.dll
0x00007ffa6bc40000 - 0x00007ffa6bc4c000 	C:\WINDOWS\SYSTEM32\CRYPTBASE.dll
0x00007ffa6e410000 - 0x00007ffa6e418000 	C:\WINDOWS\System32\NSI.dll
0x00007ffa67930000 - 0x00007ffa67947000 	C:\WINDOWS\SYSTEM32\dhcpcsvc6.DLL
0x00007ffa676a0000 - 0x00007ffa676bd000 	C:\WINDOWS\SYSTEM32\dhcpcsvc.DLL
0x00007ffa6b760000 - 0x00007ffa6b82a000 	C:\WINDOWS\SYSTEM32\DNSAPI.dll
0x00007ffa4e520000 - 0x00007ffa4e527000 	C:\Users\orihuela\.jdks\openjdk-20.0.2\bin\extnet.dll
0x00007ffa662a0000 - 0x00007ffa662aa000 	C:\Windows\System32\rasadhlp.dll
0x00007ffa67b70000 - 0x00007ffa67bf0000 	C:\WINDOWS\System32\fwpuclnt.dll
0x00007ffa5e310000 - 0x00007ffa5e31a000 	C:\Users\orihuela\.jdks\openjdk-20.0.2\bin\management.dll
0x00007ffa5df50000 - 0x00007ffa5df5b000 	C:\Users\orihuela\.jdks\openjdk-20.0.2\bin\management_ext.dll
0x00007ffa6ce80000 - 0x00007ffa6ce88000 	C:\WINDOWS\System32\PSAPI.DLL
0x00007ffa5df40000 - 0x00007ffa5df4e000 	C:\Users\orihuela\.jdks\openjdk-20.0.2\bin\sunmscapi.dll
0x00007ffa6c950000 - 0x00007ffa6caa6000 	C:\WINDOWS\System32\CRYPT32.dll
0x00007ffa6bd40000 - 0x00007ffa6bd67000 	C:\WINDOWS\SYSTEM32\ncrypt.dll
0x00007ffa6bd00000 - 0x00007ffa6bd3b000 	C:\WINDOWS\SYSTEM32\NTASN1.dll
0x00007ffa59630000 - 0x00007ffa59637000 	C:\WINDOWS\system32\wshunix.dll
0x00007ffa5f990000 - 0x00007ffa5f9a7000 	C:\WINDOWS\system32\napinsp.dll
0x00007ffa5f9d0000 - 0x00007ffa5f9eb000 	C:\WINDOWS\system32\pnrpnsp.dll
0x00007ffa5f9f0000 - 0x00007ffa5fa05000 	C:\WINDOWS\system32\wshbth.dll
0x00007ffa67e00000 - 0x00007ffa67e1d000 	C:\WINDOWS\system32\NLAapi.dll
0x00007ffa60170000 - 0x00007ffa60182000 	C:\WINDOWS\System32\winrnr.dll

dbghelp: loaded successfully - version: 4.0.5 - missing functions: none
symbol engine: initialized successfully - sym options: 0x614 - pdb path: .;C:\Users\orihuela\.jdks\openjdk-20.0.2\bin;C:\WINDOWS\SYSTEM32;C:\WINDOWS\WinSxS\amd64_microsoft.windows.common-controls_6595b64144ccf1df_6.0.19041.1110_none_60b5254171f9507e;C:\Users\orihuela\.jdks\openjdk-20.0.2\bin\server

VM Arguments:
jvm_args: -agentlib:jdwp=transport=dt_socket,address=127.0.0.1:54164,suspend=y,server=n -ea -DnodeNamesHandler=org.jetbrains.plugins.cucumber.java.run.CucumberTestTreeNodeManager -Didea.test.cyclic.buffer.size=1048576 -javaagent:C:\Users\orihuela\AppData\Local\JetBrains\IdeaIC2023.2\captureAgent\debugger-agent.jar=file:/C:/Users/orihuela/AppData/Local/Temp/capture.props -Dfile.encoding=UTF-8 -Dsun.stdout.encoding=UTF-8 -Dsun.stderr.encoding=UTF-8 
java_command: com.intellij.rt.junit.JUnitStarter -ideVersion5 -junit4 TestRunner
java_class_path (initial): C:\Program Files\JetBrains\IntelliJIDEA\IntelliJ IDEA Community Edition 2023.2\lib\idea_rt.jar;C:\Program Files\JetBrains\IntelliJIDEA\IntelliJ IDEA Community Edition 2023.2\plugins\junit\lib\junit5-rt.jar;C:\Program Files\JetBrains\IntelliJIDEA\IntelliJ IDEA Community Edition 2023.2\plugins\junit\lib\junit-rt.jar;C:\Users\orihuela\Documents\Proyectos\cucumberSelenium\target\test-classes;C:\Users\orihuela\.m2\repository\io\cucumber\cucumber-java\7.13.0\cucumber-java-7.13.0.jar;C:\Users\orihuela\.m2\repository\io\cucumber\cucumber-core\7.13.0\cucumber-core-7.13.0.jar;C:\Users\orihuela\.m2\repository\io\cucumber\cucumber-gherkin\7.13.0\cucumber-gherkin-7.13.0.jar;C:\Users\orihuela\.m2\repository\io\cucumber\cucumber-gherkin-messages\7.13.0\cucumber-gherkin-messages-7.13.0.jar;C:\Users\orihuela\.m2\repository\io\cucumber\gherkin\26.2.0\gherkin-26.2.0.jar;C:\Users\orihuela\.m2\repository\io\cucumber\messages\22.0.0\messages-22.0.0.jar;C:\Users\orihuela\.m2\repository\io\cucumber\tag-expressions\5.0.1\tag-expressions-5.0.1.jar;C:\Users\orihuela\.m2\repository\io\cucumber\cucumber-expressions\16.1.2\cucumber-expressions-16.1.2.jar;C:\Users\orihuela\.m2\repository\io\cucumber\datatable\7.13.0\datatable-7.13.0.jar;C:\Users\orihuela\.m2\repository\io\cucumber\cucumber-plugin\7.13.0\cucumber-plugin-7.13.0.jar;C:\Users\orihuela\.m2\repository\io\cucumber\docstring\7.13.0\docstring-7.13.0.jar;C:\Users\orihuela\.m2\repository\io\cucumber\html-formatter\20.3.1\html-formatter-20.3.1.jar;C:\Users\orihuela\.m2\repository\io\cucumber\junit-xml-formatter\0.2.0\junit-xml-formatter-0.2.0.jar;C:\Users\orihuela\.m2\repository\io\cucumber\ci-environment\9.2.0\ci-environment-9.2.0.jar;C:\Users\orihuela\.m2\repository\org\apiguardian\apiguardian-api\1.1.2\apiguardian-api-1.1.2.jar;C:\Users\orihuela\.m2\repository\org\seleniumhq\selenium\selenium-java\4.10.0\selenium-java-4.10.0.jar;C:\Users\orihuela\.m2\repository\org\seleniumhq\selenium\selenium-api\4.10.0\selenium-api-4.10.0.jar;C:\Users\orihuela\.m2\repository\org\seleniumhq\selenium\selenium-chrome-driver\4.10.0\selenium-chrome-driver-4.10.0.jar;C:\Users\orihuela\.m2\repository\com\google\auto\service\auto-service-annotations\1.0.1\auto-service-annotations-1.0.1.jar;C:\Users\orihuela\.m2\repository\com\google\auto\service\auto-service\1.0.1\auto-service-1.0.1.jar;C:\Users\orihuela\.m2\repository\com\google\auto\auto-common\1.2\auto-common-1.2.jar;C:\Users\orihuela\.m2\repository\com\google\guava\guava\31.1-jre\guava-31.1-jre.jar;C:\Users\orihuela\.m2\repository\com\google\guava\failureaccess\1.0.1\failureaccess-1.0.1.jar;C:\Users\orihuela\.m2\repository\com\google\guava\listenablefuture\9999.0-empty-to-avoid-conflict-with-guava\listenablefuture-9999.0-empty-to-avoid-conflict-with-guava.jar;C:\Users\orihuela\.m2\repository\com\google\code\findbugs\jsr305\3.0.2\jsr305-3.0.2.jar;C:\Users\orihuela\.m2\repository\org\checkerframework\checker-qual\3.12.0\checker-qual-3.12.0.jar;C:\Users\orihuela\.m2\repository\com\google\errorprone\error_prone_annotations\2.11.0\error_prone_annotations-2.11.0.jar;C:\Users\orihuela\.m2\repository\com\google\j2objc\j2objc-annotations\1.3\j2objc-annotations-1.3.jar;C:\Users\orihuela\.m2\repository\org\seleniumhq\selenium\selenium-chromium-driver\4.10.0\selenium-chromium-driver-4.10.0.jar;C:\Users\orihuela\.m2\repository\org\seleniumhq\selenium\selenium-json\4.10.0\selenium-json-4.10.0.jar;C:\Users\orihuela\.m2\repository\org\seleniumhq\selenium\selenium-manager\4.10.0\selenium-manager-4.10.0.jar;C:\Users\orihuela\.m2\repository\org\seleniumhq\selenium\selenium-devtools-v112\4.10.0\selenium-devtools-v112-4.10.0.jar;C:\Users\orihuela\.m2\repository\org\seleniumhq\selenium\selenium-devtools-v113\4.10.0\selenium-devtools-v113-4.10.0.jar;C:\Users\orihuela\.m2\repository\org\seleniumhq\selenium\selenium-devtools-v114\4.10.0\selenium-devtools-v114-4.10.0.jar;C:\Users\orihuela\.m2\repository\org\seleniumhq\selenium\selenium-devtools-v85\4.10.0\selenium-devtools-v85-4.10.0.jar;C:\Users\orihuela\.m2\repository\org\seleniumhq\selenium\selenium-edge-driver\4.10.0\selenium-edge-driver-4.10.0.jar;C:\Users\orihuela\.m2\repository\org\seleniumhq\selenium\selenium-firefox-driver\4.10.0\selenium-firefox-driver-4.10.0.jar;C:\Users\orihuela\.m2\repository\org\seleniumhq\selenium\selenium-http\4.10.0\selenium-http-4.10.0.jar;C:\Users\orihuela\.m2\repository\dev\failsafe\failsafe\3.3.1\failsafe-3.3.1.jar;C:\Users\orihuela\.m2\repository\org\seleniumhq\selenium\selenium-ie-driver\4.10.0\selenium-ie-driver-4.10.0.jar;C:\Users\orihuela\.m2\repository\org\seleniumhq\selenium\selenium-remote-driver\4.10.0\selenium-remote-driver-4.10.0.jar;C:\Users\orihuela\.m2\repository\io\netty\netty-buffer\4.1.92.Final\netty-buffer-4.1.92.Final.jar;C:\Users\orihuela\.m2\repository\io\netty\netty-codec-http\4.1.92.Final\netty-codec-http-4.1.92.Final.jar;C:\Users\orihuela\.m2\repository\io\netty\netty-codec\4.1.92.Final\netty-codec-4.1.92.Final.jar;C:\Users\orihuela\.m2\repository\io\netty\netty-handler\4.1.92.Final\netty-handler-4.1.92.Final.jar;C:\Users\orihuela\.m2\repository\io\netty\netty-common\4.1.92.Final\netty-common-4.1.92.Final.jar;C:\Users\orihuela\.m2\repository\io\netty\netty-transport-classes-epoll\4.1.92.Final\netty-transport-classes-epoll-4.1.92.Final.jar;C:\Users\orihuela\.m2\repository\io\netty\netty-transport-classes-kqueue\4.1.92.Final\netty-transport-classes-kqueue-4.1.92.Final.jar;C:\Users\orihuela\.m2\repository\io\netty\netty-transport-native-epoll\4.1.92.Final\netty-transport-native-epoll-4.1.92.Final.jar;C:\Users\orihuela\.m2\repository\io\netty\netty-transport-native-kqueue\4.1.92.Final\netty-transport-native-kqueue-4.1.92.Final.jar;C:\Users\orihuela\.m2\repository\io\netty\netty-transport-native-unix-common\4.1.92.Final\netty-transport-native-unix-common-4.1.92.Final.jar;C:\Users\orihuela\.m2\repository\io\netty\netty-transport\4.1.92.Final\netty-transport-4.1.92.Final.jar;C:\Users\orihuela\.m2\repository\io\netty\netty-resolver\4.1.92.Final\netty-resolver-4.1.92.Final.jar;C:\Users\orihuela\.m2\repository\io\opentelemetry\opentelemetry-api\1.26.0\opentelemetry-api-1.26.0.jar;C:\Users\orihuela\.m2\repository\io\opentelemetry\opentelemetry-context\1.26.0\opentelemetry-context-1.26.0.jar;C:\Users\orihuela\.m2\repository\io\opentelemetry\opentelemetry-exporter-logging\1.26.0\opentelemetry-exporter-logging-1.26.0.jar;C:\Users\orihuela\.m2\repository\io\opentelemetry\opentelemetry-sdk-metrics\1.26.0\opentelemetry-sdk-metrics-1.26.0.jar;C:\Users\orihuela\.m2\repository\io\opentelemetry\opentelemetry-extension-incubator\1.26.0-alpha\opentelemetry-extension-incubator-1.26.0-alpha.jar;C:\Users\orihuela\.m2\repository\io\opentelemetry\opentelemetry-sdk-logs\1.26.0-alpha\opentelemetry-sdk-logs-1.26.0-alpha.jar;C:\Users\orihuela\.m2\repository\io\opentelemetry\opentelemetry-api-logs\1.26.0-alpha\opentelemetry-api-logs-1.26.0-alpha.jar;C:\Users\orihuela\.m2\repository\io\opentelemetry\opentelemetry-api-events\1.26.0-alpha\opentelemetry-api-events-1.26.0-alpha.jar;C:\Users\orihuela\.m2\repository\io\opentelemetry\opentelemetry-sdk-common\1.26.0\opentelemetry-sdk-common-1.26.0.jar;C:\Users\orihuela\.m2\repository\io\opentelemetry\opentelemetry-sdk-extension-autoconfigure-spi\1.26.0\opentelemetry-sdk-extension-autoconfigure-spi-1.26.0.jar;C:\Users\orihuela\.m2\repository\io\opentelemetry\opentelemetry-sdk-extension-autoconfigure\1.26.0-alpha\opentelemetry-sdk-extension-autoconfigure-1.26.0-alpha.jar;C:\Users\orihuela\.m2\repository\io\opentelemetry\opentelemetry-sdk-trace\1.26.0\opentelemetry-sdk-trace-1.26.0.jar;C:\Users\orihuela\.m2\repository\io\opentelemetry\opentelemetry-sdk\1.26.0\opentelemetry-sdk-1.26.0.jar;C:\Users\orihuela\.m2\repository\io\opentelemetry\opentelemetry-semconv\1.26.0-alpha\opentelemetry-semconv-1.26.0-alpha.jar;C:\Users\orihuela\.m2\repository\net\bytebuddy\byte-buddy\1.14.4\byte-buddy-1.14.4.jar;C:\Users\orihuela\.m2\repository\org\apache\commons\commons-exec\1.3\commons-exec-1.3.jar;C:\Users\orihuela\.m2\repository\org\asynchttpclient\async-http-client\2.12.3\async-http-client-2.12.3.jar;C:\Users\orihuela\.m2\repository\org\asynchttpclient\async-http-client-netty-utils\2.12.3\async-http-client-netty-utils-2.12.3.jar;C:\Users\orihuela\.m2\repository\io\netty\netty-codec-socks\4.1.60.Final\netty-codec-socks-4.1.60.Final.jar;C:\Users\orihuela\.m2\repository\io\netty\netty-handler-proxy\4.1.60.Final\netty-handler-proxy-4.1.60.Final.jar;C:\Users\orihuela\.m2\repository\io\netty\netty-transport-native-epoll\4.1.60.Final\netty-transport-native-epoll-4.1.60.Final-linux-x86_64.jar;C:\Users\orihuela\.m2\repository\io\netty\netty-transport-native-kqueue\4.1.60.Final\netty-transport-native-kqueue-4.1.60.Final-osx-x86_64.jar;C:\Users\orihuela\.m2\repository\org\reactivestreams\reactive-streams\1.0.3\reactive-streams-1.0.3.jar;C:\Users\orihuela\.m2\repository\com\typesafe\netty\netty-reactive-streams\2.0.4\netty-reactive-streams-2.0.4.jar;C:\Users\orihuela\.m2\repository\org\slf4j\slf4j-api\1.7.30\slf4j-api-1.7.30.jar;C:\Users\orihuela\.m2\repository\com\sun\activation\jakarta.activation\1.2.2\jakarta.activation-1.2.2.jar;C:\Users\orihuela\.m2\repository\org\seleniumhq\selenium\selenium-safari-driver\4.10.0\selenium-safari-driver-4.10.0.jar;C:\Users\orihuela\.m2\repository\org\seleniumhq\selenium\selenium-support\4.10.0\selenium-support-4.10.0.jar;C:\Users\orihuela\.m2\repository\io\cucumber\cucumber-junit\7.13.0\cucumber-junit-7.13.0.jar;C:\Users\orihuela\.m2\repository\junit\junit\4.13.2\junit-4.13.2.jar;C:\Users\orihuela\.m2\repository\org\hamcrest\hamcrest-core\1.3\hamcrest-core-1.3.jar;C:\Users\orihuela\AppData\Roaming\JetBrains\IdeaIC2023.2\plugins\cucumber-java\lib\cucumber-jvmFormatter.jar
Launcher Type: SUN_STANDARD

[Global flags]
     intx CICompilerCount                          = 3                                         {product} {ergonomic}
     uint ConcGCThreads                            = 1                                         {product} {ergonomic}
     uint G1ConcRefinementThreads                  = 4                                         {product} {ergonomic}
   size_t G1HeapRegionSize                         = 1048576                                   {product} {ergonomic}
    uintx GCDrainStackTargetSize                   = 64                                        {product} {ergonomic}
   size_t InitialHeapSize                          = 134217728                                 {product} {ergonomic}
   size_t MarkStackSize                            = 4194304                                   {product} {ergonomic}
   size_t MaxHeapSize                              = 2147483648                                {product} {ergonomic}
   size_t MaxNewSize                               = 1287651328                                {product} {ergonomic}
   size_t MinHeapDeltaBytes                        = 1048576                                   {product} {ergonomic}
   size_t MinHeapSize                              = 8388608                                   {product} {ergonomic}
    uintx NonNMethodCodeHeapSize                   = 5832780                                {pd product} {ergonomic}
    uintx NonProfiledCodeHeapSize                  = 122912730                              {pd product} {ergonomic}
     bool PerfDisableSharedMem                     = true                                      {product} {ergonomic}
    uintx ProfiledCodeHeapSize                     = 122912730                              {pd product} {ergonomic}
    uintx ReservedCodeCacheSize                    = 251658240                              {pd product} {ergonomic}
     bool SegmentedCodeCache                       = true                                      {product} {ergonomic}
   size_t SoftMaxHeapSize                          = 2147483648                             {manageable} {ergonomic}
     bool UseCompressedClassPointers               = true                           {product lp64_product} {ergonomic}
     bool UseCompressedOops                        = true                           {product lp64_product} {ergonomic}
     bool UseG1GC                                  = true                                      {product} {ergonomic}
     bool UseLargePagesIndividualAllocation        = false                                  {pd product} {ergonomic}

Logging:
Log output configuration:
 #0: stdout all=warning uptime,level,tags foldmultilines=false
 #1: stderr all=off uptime,level,tags foldmultilines=false

Environment Variables:
JAVA_HOME=C:\Users\orihuela\.jdks\openjdk-20.0.2
PATH=c:\DevSuiteHome_2\jdk\jre\bin\classic;c:\DevSuiteHome_2\jdk\jre\bin;c:\DevSuiteHome_2\jdk\jre\bin\client;c:\DevSuiteHome_2\jlib;c:\DevSuiteHome_2\bin;c:\DevSuiteHome_2\jre\1.4.2\bin\client;c:\DevSuiteHome_2\jre\1.4.2\bin;C:\WINDOWS\system32;C:\WINDOWS;C:\WINDOWS\System32\Wbem;C:\WINDOWS\System32\WindowsPowerShell\v1.0\;C:\WINDOWS\System32\OpenSSH\;X:\Software\OracleClient11g64bit\product\11.2.0\client11g64bit;C:\Program Files\Git\cmd;C:\Users\orihuela\Documents\apache-maven-3.9.4-bin\apache-maven-3.9.4\bin;C:\Program Files\Java\jdk-1.8\bin;C:\Program Files\Git\bin;C:\Users\orihuela\AppData\Local\Microsoft\WindowsApps;
USERNAME=orihuela
OS=Windows_NT
PROCESSOR_IDENTIFIER=Intel64 Family 6 Model 85 Stepping 7, GenuineIntel
TMP=C:\Users\orihuela\AppData\Local\Temp
TEMP=C:\Users\orihuela\AppData\Local\Temp




---------------  S Y S T E M  ---------------

OS:
 Windows 10 , 64 bit Build 19041 (10.0.19041.2251)
OS uptime: 45 days 2:04 hours
VMWare virtualization detected

CPU: total 4 (initial active 4) (2 cores per cpu, 1 threads per core) family 6 model 85 stepping 7 microcode 0x5003604, cx8, cmov, fxsr, mmx, 3dnowpref, sse, sse2, sse3, ssse3, sse4.1, sse4.2, popcnt, lzcnt, tsc, tscinvbit, avx, avx2, aes, erms, clmul, bmi1, bmi2, adx, avx512f, avx512dq, avx512cd, avx512bw, avx512vl, fma, vzeroupper, clflush, clflushopt, clwb, hv, rdtscp, f16c, pku

Memory: 4k page, system-wide physical 8191M (554M free)
TotalPageFile size 13191M (AvailPageFile size 1M)
current process WorkingSet (physical memory assigned to process): 164M, peak: 164M
current process commit charge ("private bytes"): 199M, peak: 249M

vm_info: OpenJDK 64-Bit Server VM (20.0.2+9-78) for windows-amd64 JRE (20.0.2+9-78), built on 2023-06-14T10:08:48Z by "mach5one" with MS VC++ 17.1 (VS2022)

END.
